<?xml version="1.0" encoding="UTF-8"?>
<testng-results skipped="0" failed="0" ignored="0" total="1" passed="1">
  <reporter-output>
  </reporter-output>
  <suite name="Default suite" duration-ms="23908" started-at="2020-05-21T14:41:04 IST" finished-at="2020-05-21T14:41:28 IST">
    <groups>
    </groups>
    <test name="Default test" duration-ms="23908" started-at="2020-05-21T14:41:04 IST" finished-at="2020-05-21T14:41:28 IST">
      <class name="com.adactin.runner.AdactinTesting">
        <test-method status="PASS" signature="Sample()[pri:0, instance:com.adactin.runner.AdactinTesting@5a1c0542]" name="Sample" duration-ms="23858" started-at="2020-05-21T14:41:04 IST" finished-at="2020-05-21T14:41:28 IST">
          <reporter-output>
          </reporter-output>
        </test-method> <!-- Sample -->
      </class> <!-- com.adactin.runner.AdactinTesting -->
    </test> <!-- Default test -->
  </suite> <!-- Default suite -->
</testng-results>
